<?xml version="1.0" encoding="UTF-8"?>
<!-- Generated by org.testng.reporters.JUnitXMLReporter -->
<testsuite hostname="LAPTOP-SB048Q3R" ignored="0" name="Test" tests="4" failures="0" timestamp="2019-10-12T16:31:43 EDT" time="0.115" errors="0">
  <testcase name="browserAutomation" time="0.019" classname="qaclickacademy.SeleniumTest"/>
  <testcase name="elementsUi" time="0.003" classname="qaclickacademy.SeleniumTest"/>
  <testcase name="deleteTwitter" time="0.003" classname="qaclickacademy.RestAPITest"/>
  <testcase name="postJira" time="0.002" classname="qaclickacademy.RestAPITest"/>
</testsuite> <!-- Test -->
