<?xml version="1.0" encoding="UTF-8"?>
<testng-results skipped="0" failed="0" ignored="0" total="6" passed="6">
  <reporter-output>
  </reporter-output>
  <suite name="Command line suite" duration-ms="81" started-at="2019-10-12T15:22:59 EDT" finished-at="2019-10-12T15:22:59 EDT">
    <groups>
    </groups>
    <test name="Command line test" duration-ms="81" started-at="2019-10-12T15:22:59 EDT" finished-at="2019-10-12T15:22:59 EDT">
      <class name="qaclickacademy.AppiumTest">
        <test-method status="PASS" signature="IOSApps()[pri:0, instance:qaclickacademy.AppiumTest@8bd1b6a]" name="IOSApps" duration-ms="12" started-at="2019-10-12T15:22:59 EDT" finished-at="2019-10-12T15:22:59 EDT">
          <reporter-output>
          </reporter-output>
        </test-method> <!-- IOSApps -->
        <test-method status="PASS" signature="nativeAppAndrid()[pri:0, instance:qaclickacademy.AppiumTest@8bd1b6a]" name="nativeAppAndrid" duration-ms="1" started-at="2019-10-12T15:22:59 EDT" finished-at="2019-10-12T15:22:59 EDT">
          <reporter-output>
          </reporter-output>
        </test-method> <!-- nativeAppAndrid -->
      </class> <!-- qaclickacademy.AppiumTest -->
      <class name="qaclickacademy.RestAPITest">
        <test-method status="PASS" signature="deleteTwitter()[pri:0, instance:qaclickacademy.RestAPITest@18be83e4]" name="deleteTwitter" duration-ms="1" started-at="2019-10-12T15:22:59 EDT" finished-at="2019-10-12T15:22:59 EDT">
          <reporter-output>
          </reporter-output>
        </test-method> <!-- deleteTwitter -->
        <test-method status="PASS" signature="postJira()[pri:0, instance:qaclickacademy.RestAPITest@18be83e4]" name="postJira" duration-ms="1" started-at="2019-10-12T15:22:59 EDT" finished-at="2019-10-12T15:22:59 EDT">
          <reporter-output>
          </reporter-output>
        </test-method> <!-- postJira -->
      </class> <!-- qaclickacademy.RestAPITest -->
      <class name="qaclickacademy.SeleniumTest">
        <test-method status="PASS" signature="browserAutomation()[pri:0, instance:qaclickacademy.SeleniumTest@cb5822]" name="browserAutomation" duration-ms="0" started-at="2019-10-12T15:22:59 EDT" finished-at="2019-10-12T15:22:59 EDT">
          <reporter-output>
          </reporter-output>
        </test-method> <!-- browserAutomation -->
        <test-method status="PASS" signature="elementsUi()[pri:0, instance:qaclickacademy.SeleniumTest@cb5822]" name="elementsUi" duration-ms="1" started-at="2019-10-12T15:22:59 EDT" finished-at="2019-10-12T15:22:59 EDT">
          <reporter-output>
          </reporter-output>
        </test-method> <!-- elementsUi -->
      </class> <!-- qaclickacademy.SeleniumTest -->
    </test> <!-- Command line test -->
  </suite> <!-- Command line suite -->
</testng-results>
